<?xml version="1.0" encoding="UTF-8"?>
<!-- Generated by org.testng.reporters.JUnitReportReporter -->
<testsuite hostname="Pablos-MacBook-Air.local" name="com.onenow.execution.NetworkConfigTest" tests="3" failures="0" timestamp="21 May 2015 16:02:19 GMT" time="0.021" errors="0">
  <testcase name="getRDBMS" time="0.000" classname="com.onenow.execution.NetworkConfigTest"/>
  <testcase name="getTSDB" time="0.000" classname="com.onenow.execution.NetworkConfigTest"/>
  <testcase name="getGateway" time="0.021" classname="com.onenow.execution.NetworkConfigTest"/>
</testsuite> <!-- com.onenow.execution.NetworkConfigTest -->
