<?xml version="1.0" encoding="UTF-8"?>
<!-- Generated by org.testng.reporters.JUnitReportReporter -->
<testsuite hostname="Pablos-MacBook-Air.local" name="com.onenow.util.ParseDateTest" tests="1" failures="0" timestamp="20 May 2015 21:25:36 GMT" time="0.020" errors="0">
  <testcase name="getDashedDatePlus" time="0.020" classname="com.onenow.util.ParseDateTest"/>
</testsuite> <!-- com.onenow.util.ParseDateTest -->
