<?xml version="1.0" encoding="UTF-8"?>
<!-- Generated by org.testng.reporters.JUnitReportReporter -->
<testsuite hostname="Pablos-MacBook-Air.local" name="com.onenow.data.InvestmentListTest" tests="6" failures="0" timestamp="21 May 2015 15:57:32 GMT" time="0.040" errors="0">
  <testcase name="getMainIndices" time="0.001" classname="com.onenow.data.InvestmentListTest"/>
  <testcase name="getSomeIndices" time="0.000" classname="com.onenow.data.InvestmentListTest"/>
  <testcase name="getOptions" time="0.000" classname="com.onenow.data.InvestmentListTest"/>
  <testcase name="getFutures" time="0.039" classname="com.onenow.data.InvestmentListTest"/>
  <testcase name="getSNP500" time="0.000" classname="com.onenow.data.InvestmentListTest"/>
  <testcase name="getSomeStocks" time="0.000" classname="com.onenow.data.InvestmentListTest"/>
</testsuite> <!-- com.onenow.data.InvestmentListTest -->
