<?xml version="1.0" encoding="UTF-8"?>
<!-- Generated by org.testng.reporters.JUnitReportReporter -->
<testsuite hostname="Pablos-MacBook-Air.local" name="com.onenow.util.ParseDateTest" tests="1" failures="0" timestamp="20 May 2015 20:53:35 GMT" time="0.017" errors="0">
  <testcase name="getDashedDatePlusTest" time="0.017" classname="com.onenow.util.ParseDateTest"/>
</testsuite> <!-- com.onenow.util.ParseDateTest -->
