<?xml version="1.0" encoding="UTF-8"?>
<!-- Generated by org.testng.reporters.JUnitReportReporter -->
<testsuite hostname="Pablos-MacBook-Air.local" name="com.onenow.util.WatchLogTest" tests="1" failures="0" timestamp="22 May 2015 13:51:24 GMT" time="0.053" errors="0">
  <testcase name="addToLog" time="0.053" classname="com.onenow.util.WatchLogTest"/>
</testsuite> <!-- com.onenow.util.WatchLogTest -->
